2022-12-18 17:25:21:2521 [31merror[39m: [31mThis is an error log[39m
2022-12-18 17:25:21:2521 [33mwarn[39m: [33mThis is a warn log[39m
2022-12-18 17:26:06:266 [31merror[39m: [31mThis is an error log[39m
2022-12-18 17:26:06:266 [33mwarn[39m: [33mThis is a warn log[39m
2022-12-18 17:27:58:2758 [31merror[39m: [31mThis is an error log[39m
2022-12-18 17:27:58:2758 [33mwarn[39m: [33mThis is a warn log[39m
2022-12-18 17:29:13:2913 [31merror[39m: [31mThis is an error log[39m
2022-12-18 17:29:13:2913 [33mwarn[39m: [33mThis is a warn log[39m
2022-12-18 17:31:31:3131 [37mdebug[39m: [37mServer is up and running @ http://localhost:5000[39m
2022-12-18 17:31:48:3148 [31merror[39m: [31mThis is an error log[39m
2022-12-18 17:31:48:3148 [33mwarn[39m: [33mThis is a warn log[39m
2022-12-18 17:31:48:3148 [32minfo[39m: [32mThis is a info log[39m
2022-12-18 17:31:48:3148 [35mhttp[39m: [35mThis is a http log[39m
2022-12-18 17:31:48:3148 [37mdebug[39m: [37mThis is a debug log[39m
2022-12-18 17:32:42:3242 [37mdebug[39m: [37mServer is up and running @ http://localhost:5000[39m
2022-12-18 17:32:57:3257 [37mdebug[39m: [37mServer is up and running @ http://localhost:5000[39m
2022-12-18 17:33:03:333 [31merror[39m: [31mPhone Number should be 10 Number[39m
2022-12-18 17:33:37:3337 [37mdebug[39m: [37mServer is up and running @ http://localhost:5000[39m
2022-12-18 17:34:08:348 [37mdebug[39m: [37mServer is up and running @ http://localhost:5000[39m
2022-12-18 17:34:12:3412 [32minfo[39m: [32m/signup[39m
2022-12-18 17:34:12:3412 [31merror[39m: [31mPhone Number should be 10 Number[39m
2022-12-18 17:34:50:3450 [37mdebug[39m: [37mServer is up and running @ http://localhost:5000[39m
2022-12-18 17:34:51:3451 [31merror[39m: [31m/signup[39m
2022-12-18 17:35:16:3516 [37mdebug[39m: [37mServer is up and running @ http://localhost:5000[39m
2022-12-18 17:35:20:3520 [31merror[39m: [31m/signupPhone Number should be 10 Number[39m
2022-12-18 17:35:59:3559 [37mdebug[39m: [37mServer is up and running @ http://localhost:5000[39m
2022-12-18 17:36:04:364 [31merror[39m: [31m/signup /n Phone Number should be 10 Number[39m
2022-12-18 17:36:16:3616 [37mdebug[39m: [37mServer is up and running @ http://localhost:5000[39m
2022-12-18 17:36:22:3622 [31merror[39m: [31m/signup Phone Number should be 10 Number[39m
2022-12-18 17:38:16:3816 [37mdebug[39m: [37mServer is up and running @ http://localhost:5000[39m
2022-12-18 17:57:47:5747 [37mdebug[39m: [37mServer is up and running @ http://localhost:5000[39m
2022-12-18 17:57:53:5753 [37mdebug[39m: [37mServer is up and running @ http://localhost:5000[39m
2022-12-18 17:58:05:585 [37mdebug[39m: [37mServer is up and running @ http://localhost:5000[39m
2022-12-18 17:58:14:5814 [37mdebug[39m: [37mServer is up and running @ http://localhost:5000[39m
2022-12-18 17:58:58:5858 [37mdebug[39m: [37mServer is up and running @ http://localhost:5000[39m
2022-12-18 17:59:31:5931 [31merror[39m: [31m/signup Phone Number should be 10 Number[39m
2022-12-18 17:59:31:5931 [35mhttp[39m: [35mPOST /signup 400 62 - 6.244 ms[39m
[35m[39m
2022-12-18 18:00:44:044 [35mhttp[39m: [35mPOST /login 200 424 - 622.894 ms[39m
[35m[39m
2022-12-18 18:01:31:131 [35mhttp[39m: [35mGET / 200 50 - 0.642 ms[39m
[35m[39m
2022-12-18 18:01:44:144 [35mhttp[39m: [35mGET /home 200 50 - 0.476 ms[39m
[35m[39m
2022-12-18 18:02:07:27 [31merror[39m: [31m/validate Unauthorized! Access Token was expired![39m
2022-12-18 18:02:07:27 [35mhttp[39m: [35mPOST /validate 403 69 - 3.907 ms[39m
[35m[39m
2022-12-25 13:19:02:192 [37mdebug[39m: [37mServer is up and running @ http://localhost:5000[39m
2022-12-25 13:19:22:1922 [31merror[39m: [31mPhone Number should be 10 Number[39m
2022-12-25 13:19:22:1922 [35mhttp[39m: [35mPOST /signup 400 62 - 6.609 ms[39m
[35m[39m
2022-12-25 13:19:28:1928 [31merror[39m: [31mFirebase ID token has no "kid" claim. See https://firebase.google.com/docs/auth/admin/verify-id-tokens for details on how to retrieve an ID token.[39m
2022-12-25 13:19:28:1928 [35mhttp[39m: [35mPOST /social 400 206 - 5.134 ms[39m
[35m[39m
2022-12-25 13:19:35:1935 [31merror[39m: [31mUser Not Found !![39m
2022-12-25 13:19:35:1935 [35mhttp[39m: [35mPOST /login 404 47 - 437.721 ms[39m
[35m[39m
2022-12-25 13:19:51:1951 [31merror[39m: [31mUser Not Found !![39m
2022-12-25 13:19:51:1951 [35mhttp[39m: [35mPOST /login 404 47 - 69.483 ms[39m
[35m[39m
2022-12-25 13:19:59:1959 [31merror[39m: [31mUser Not Found !![39m
2022-12-25 13:19:59:1959 [35mhttp[39m: [35mPOST /login 404 47 - 68.739 ms[39m
[35m[39m
2022-12-25 13:20:04:204 [31merror[39m: [31mAll input is required[39m
2022-12-25 13:20:04:204 [35mhttp[39m: [35mPOST /login 400 51 - 1.367 ms[39m
[35m[39m
2022-12-25 13:20:09:209 [31merror[39m: [31mAll input is required[39m
2022-12-25 13:20:09:209 [35mhttp[39m: [35mPOST /login 400 51 - 1.308 ms[39m
[35m[39m
2022-12-25 13:20:10:2010 [31merror[39m: [31mAll input is required[39m
2022-12-25 13:20:10:2010 [35mhttp[39m: [35mPOST /login 400 51 - 1.472 ms[39m
[35m[39m
2022-12-25 13:20:15:2015 [31merror[39m: [31mUser Not Found !![39m
2022-12-25 13:20:15:2015 [35mhttp[39m: [35mPOST /login 404 47 - 67.989 ms[39m
[35m[39m
2022-12-25 13:20:22:2022 [31merror[39m: [31mUser Not Found !![39m
2022-12-25 13:20:22:2022 [35mhttp[39m: [35mPOST /login 404 47 - 69.510 ms[39m
[35m[39m
2022-12-25 13:20:27:2027 [31merror[39m: [31mUnauthorized! Access Token was expired![39m
2022-12-25 13:20:27:2027 [35mhttp[39m: [35mPOST /validate 403 69 - 9.593 ms[39m
[35m[39m
2022-12-25 13:20:32:2032 [31merror[39m: [31mUnauthorized! Access Token was expired![39m
2022-12-25 13:20:32:2032 [35mhttp[39m: [35mGET /profile 403 69 - 2.300 ms[39m
[35m[39m
2022-12-25 13:20:37:2037 [35mhttp[39m: [35mGET /appointments 200 515 - 0.506 ms[39m
[35m[39m
2022-12-25 13:20:41:2041 [35mhttp[39m: [35mGET /appointments/1 200 131 - 0.448 ms[39m
[35m[39m
2022-12-25 13:20:46:2046 [35mhttp[39m: [35mGET / 200 50 - 0.776 ms[39m
[35m[39m
2022-12-25 13:20:50:2050 [35mhttp[39m: [35mGET /home 200 50 - 0.248 ms[39m
[35m[39m
2022-12-25 13:41:50:4150 [31merror[39m: [31mUser Not Found !![39m
2022-12-25 13:41:50:4150 [35mhttp[39m: [35mPOST /login 404 47 - 473.490 ms[39m
[35m[39m
2022-12-25 13:42:20:4220 [31merror[39m: [31mPhone Number should be 10 Number[39m
2022-12-25 13:42:20:4220 [35mhttp[39m: [35mPOST /signup 400 62 - 1.801 ms[39m
[35m[39m
2022-12-25 13:42:26:4226 [35mhttp[39m: [35mPOST /signup 201 514 - 1112.787 ms[39m
[35m[39m
2022-12-25 13:42:55:4255 [35mhttp[39m: [35mPOST /login 200 513 - 347.841 ms[39m
[35m[39m
2022-12-25 13:43:44:4344 [31merror[39m: [31mUnauthorized! Access Token was expired![39m
2022-12-25 13:43:44:4344 [35mhttp[39m: [35mPOST /validate 403 69 - 3.591 ms[39m
[35m[39m
2022-12-25 13:43:57:4357 [35mhttp[39m: [35mGET /appointments 200 515 - 0.447 ms[39m
[35m[39m
2022-12-25 16:02:10:210 [37mdebug[39m: [37mServer is up and running @ http://localhost:5000[39m
2022-12-25 16:02:35:235 [37mdebug[39m: [37mServer is up and running @ http://localhost:5000[39m
2022-12-25 16:02:42:242 [37mdebug[39m: [37mServer is up and running @ http://localhost:5000[39m
2022-12-25 16:03:04:34 [37mdebug[39m: [37mServer is up and running @ http://localhost:5000[39m
2022-12-25 16:03:16:316 [37mdebug[39m: [37mServer is up and running @ http://localhost:5000[39m
2022-12-25 16:03:31:331 [37mdebug[39m: [37mServer is up and running @ http://localhost:5000[39m
2022-12-25 16:04:35:435 [37mdebug[39m: [37mServer is up and running @ http://localhost:5000[39m
2022-12-25 16:04:46:446 [37mdebug[39m: [37mServer is up and running @ http://localhost:5000[39m
2022-12-25 16:05:04:54 [37mdebug[39m: [37mServer is up and running @ http://localhost:5000[39m
2022-12-25 16:06:30:630 [37mdebug[39m: [37mServer is up and running @ http://localhost:5000[39m
2022-12-25 16:06:58:658 [37mdebug[39m: [37mServer is up and running @ http://localhost:5000[39m
2022-12-25 16:07:05:75 [37mdebug[39m: [37mServer is up and running @ http://localhost:5000[39m
2022-12-25 16:07:08:78 [37mdebug[39m: [37mServer is up and running @ http://localhost:5000[39m
2022-12-25 16:07:16:716 [37mdebug[39m: [37mServer is up and running @ http://localhost:5000[39m
2022-12-25 16:07:20:720 [37mdebug[39m: [37mServer is up and running @ http://localhost:5000[39m
2022-12-25 16:07:30:730 [37mdebug[39m: [37mServer is up and running @ http://localhost:5000[39m
2022-12-25 16:07:34:734 [37mdebug[39m: [37mServer is up and running @ http://localhost:5000[39m
2022-12-25 16:07:37:737 [37mdebug[39m: [37mServer is up and running @ http://localhost:5000[39m
2022-12-25 16:07:49:749 [37mdebug[39m: [37mServer is up and running @ http://localhost:5000[39m
2022-12-25 16:07:55:755 [37mdebug[39m: [37mServer is up and running @ http://localhost:5000[39m
2022-12-25 16:07:59:759 [37mdebug[39m: [37mServer is up and running @ http://localhost:5000[39m
2022-12-25 16:08:47:847 [37mdebug[39m: [37mServer is up and running @ http://localhost:5000[39m
2022-12-25 16:08:50:850 [37mdebug[39m: [37mServer is up and running @ http://localhost:5000[39m
2022-12-25 16:08:58:858 [37mdebug[39m: [37mServer is up and running @ http://localhost:5000[39m
2022-12-25 16:09:01:91 [37mdebug[39m: [37mServer is up and running @ http://localhost:5000[39m
2022-12-25 16:09:06:96 [37mdebug[39m: [37mServer is up and running @ http://localhost:5000[39m
2022-12-25 16:09:09:99 [37mdebug[39m: [37mServer is up and running @ http://localhost:5000[39m
2022-12-25 16:09:32:932 [37mdebug[39m: [37mServer is up and running @ http://localhost:5000[39m
2022-12-25 16:09:43:943 [37mdebug[39m: [37mServer is up and running @ http://localhost:5000[39m
2022-12-25 16:09:49:949 [37mdebug[39m: [37mServer is up and running @ http://localhost:5000[39m
2022-12-25 16:10:02:102 [37mdebug[39m: [37mServer is up and running @ http://localhost:5000[39m
2022-12-25 16:10:10:1010 [37mdebug[39m: [37mServer is up and running @ http://localhost:5000[39m
2022-12-25 16:10:16:1016 [37mdebug[39m: [37mServer is up and running @ http://localhost:5000[39m
2022-12-25 16:10:20:1020 [37mdebug[39m: [37mServer is up and running @ http://localhost:5000[39m
2022-12-25 16:10:26:1026 [37mdebug[39m: [37mServer is up and running @ http://localhost:5000[39m
2022-12-25 17:31:34:3134 [37mdebug[39m: [37mServer is up and running @ http://localhost:5000[39m
2022-12-25 17:32:52:3252 [37mdebug[39m: [37mServer is up and running @ http://localhost:5000[39m
2022-12-25 17:32:57:3257 [37mdebug[39m: [37mServer is up and running @ http://localhost:5000[39m
2022-12-25 17:33:00:330 [37mdebug[39m: [37mServer is up and running @ http://localhost:5000[39m
2022-12-25 17:34:27:3427 [37mdebug[39m: [37mServer is up and running @ http://localhost:5000[39m
2022-12-25 17:34:31:3431 [37mdebug[39m: [37mServer is up and running @ http://localhost:5000[39m
2022-12-25 17:34:54:3454 [37mdebug[39m: [37mServer is up and running @ http://localhost:5000[39m
2022-12-25 17:35:26:3526 [37mdebug[39m: [37mServer is up and running @ http://localhost:5000[39m
2022-12-25 17:38:50:3850 [37mdebug[39m: [37mServer is up and running @ http://localhost:5000[39m
2022-12-25 17:39:33:3933 [37mdebug[39m: [37mServer is up and running @ http://localhost:5000[39m
2022-12-25 17:39:54:3954 [35mhttp[39m: [35mPOST /signup 201 493 - 784.609 ms[39m
[35m[39m
2022-12-25 17:40:58:4058 [35mhttp[39m: [35mGET /appointments/1 200 131 - 0.777 ms[39m
[35m[39m
2022-12-25 17:44:41:4441 [37mdebug[39m: [37mServer is up and running @ http://localhost:5000[39m
2022-12-25 18:15:50:1550 [37mdebug[39m: [37mServer is up and running @ http://localhost:5000[39m
2022-12-25 18:16:12:1612 [35mhttp[39m: [35mGET /appointments 200 515 - 2.595 ms[39m
[35m[39m
2022-12-25 18:17:20:1720 [37mdebug[39m: [37mServer is up and running @ http://localhost:5000[39m
2022-12-25 18:17:26:1726 [37mdebug[39m: [37mServer is up and running @ http://localhost:5000[39m
2022-12-25 18:17:41:1741 [37mdebug[39m: [37mServer is up and running @ http://localhost:5000[39m
2022-12-25 18:18:25:1825 [37mdebug[39m: [37mServer is up and running @ http://localhost:5000[39m
2022-12-25 18:18:37:1837 [37mdebug[39m: [37mServer is up and running @ http://localhost:5000[39m
2022-12-25 18:18:40:1840 [31merror[39m: [31mBad request!![39m
2022-12-25 18:18:40:1840 [35mhttp[39m: [35mGET /appointments 400 43 - 3.928 ms[39m
[35m[39m
2022-12-25 18:18:54:1854 [31merror[39m: [31mUser Not Found !![39m
2022-12-25 18:18:54:1854 [35mhttp[39m: [35mPOST /login 404 47 - 467.139 ms[39m
[35m[39m
2022-12-25 18:19:00:190 [31merror[39m: [31mUser Already Exist. Please Login[39m
2022-12-25 18:19:00:190 [35mhttp[39m: [35mPOST /signup 409 62 - 73.995 ms[39m
[35m[39m
2022-12-25 18:19:13:1913 [35mhttp[39m: [35mPOST /login 200 492 - 184.322 ms[39m
[35m[39m
2022-12-25 18:19:29:1929 [31merror[39m: [31mBad request!![39m
2022-12-25 18:19:29:1929 [35mhttp[39m: [35mGET /appointments 400 43 - 2.219 ms[39m
[35m[39m
2022-12-25 18:19:56:1956 [31merror[39m: [31mYou do not have the authorization to access this[39m
2022-12-25 18:19:56:1956 [35mhttp[39m: [35mGET /appointments 403 78 - 1.781 ms[39m
[35m[39m
2022-12-25 18:20:14:2014 [37mdebug[39m: [37mServer is up and running @ http://localhost:5000[39m
2022-12-25 18:20:16:2016 [35mhttp[39m: [35mGET /appointments 200 515 - 2.983 ms[39m
[35m[39m
2022-12-25 18:39:51:3951 [37mdebug[39m: [37mServer is up and running @ http://localhost:5000[39m
2022-12-25 18:40:44:4044 [37mdebug[39m: [37mServer is up and running @ http://localhost:5000[39m
2022-12-25 18:41:16:4116 [37mdebug[39m: [37mServer is up and running @ http://localhost:5000[39m
2022-12-25 18:41:48:4148 [37mdebug[39m: [37mServer is up and running @ http://localhost:5000[39m
2022-12-25 18:41:54:4154 [37mdebug[39m: [37mServer is up and running @ http://localhost:5000[39m
2022-12-25 18:42:02:422 [37mdebug[39m: [37mServer is up and running @ http://localhost:5000[39m
2022-12-25 18:42:19:4219 [37mdebug[39m: [37mServer is up and running @ http://localhost:5000[39m
2022-12-25 18:42:29:4229 [37mdebug[39m: [37mServer is up and running @ http://localhost:5000[39m
2022-12-25 18:42:36:4236 [37mdebug[39m: [37mServer is up and running @ http://localhost:5000[39m
2022-12-25 18:42:58:4258 [37mdebug[39m: [37mServer is up and running @ http://localhost:5000[39m
2022-12-25 18:43:01:431 [37mdebug[39m: [37mServer is up and running @ http://localhost:5000[39m
2022-12-25 18:43:16:4316 [37mdebug[39m: [37mServer is up and running @ http://localhost:5000[39m
2022-12-25 18:43:21:4321 [37mdebug[39m: [37mServer is up and running @ http://localhost:5000[39m
2022-12-25 18:43:41:4341 [37mdebug[39m: [37mServer is up and running @ http://localhost:5000[39m
2022-12-25 18:43:47:4347 [37mdebug[39m: [37mServer is up and running @ http://localhost:5000[39m
2022-12-25 18:43:51:4351 [37mdebug[39m: [37mServer is up and running @ http://localhost:5000[39m
2022-12-25 18:44:02:442 [37mdebug[39m: [37mServer is up and running @ http://localhost:5000[39m
2022-12-25 18:44:41:4441 [37mdebug[39m: [37mServer is up and running @ http://localhost:5000[39m
2022-12-25 18:44:50:4450 [37mdebug[39m: [37mServer is up and running @ http://localhost:5000[39m
2022-12-25 18:45:15:4515 [37mdebug[39m: [37mServer is up and running @ http://localhost:5000[39m
2022-12-25 18:45:37:4537 [37mdebug[39m: [37mServer is up and running @ http://localhost:5000[39m
2022-12-25 18:45:44:4544 [35mhttp[39m: [35mGET /appointments 200 515 - 2.752 ms[39m
[35m[39m
2022-12-25 18:45:50:4550 [31merror[39m: [31mBad request!![39m
2022-12-25 18:45:50:4550 [35mhttp[39m: [35mGET /appointments 400 43 - 2.022 ms[39m
[35m[39m
2022-12-25 18:45:54:4554 [35mhttp[39m: [35mGET /appointments 200 515 - 0.537 ms[39m
[35m[39m
2022-12-25 18:46:27:4627 [37mdebug[39m: [37mServer is up and running @ http://localhost:5000[39m
2022-12-25 18:46:29:4629 [31merror[39m: [31mYou do not have the authorization to access this[39m
2022-12-25 18:46:29:4629 [35mhttp[39m: [35mGET /appointments 403 78 - 4.680 ms[39m
[35m[39m
2022-12-25 18:47:16:4716 [37mdebug[39m: [37mServer is up and running @ http://localhost:5000[39m
2022-12-25 18:47:22:4722 [37mdebug[39m: [37mServer is up and running @ http://localhost:5000[39m
2022-12-25 18:47:29:4729 [31merror[39m: [31mUnauthorized! Access Token was expired![39m
2022-12-25 18:47:29:4729 [35mhttp[39m: [35mGET /profile 403 69 - 7.339 ms[39m
[35m[39m
2022-12-25 18:47:40:4740 [31merror[39m: [31mA token is required for authentication[39m
2022-12-25 18:47:40:4740 [35mhttp[39m: [35mGET /profile 403 68 - 3.551 ms[39m
[35m[39m
2022-12-25 18:48:03:483 [31merror[39m: [31mA token is required for authentication[39m
2022-12-25 18:48:03:483 [35mhttp[39m: [35mGET /profile 403 68 - 1.605 ms[39m
[35m[39m
2022-12-25 18:48:22:4822 [31merror[39m: [31mA token is required for authentication[39m
2022-12-25 18:48:22:4822 [35mhttp[39m: [35mGET /profile 403 68 - 1.498 ms[39m
[35m[39m
2022-12-25 18:48:34:4834 [31merror[39m: [31mA token is required for authentication[39m
2022-12-25 18:48:34:4834 [35mhttp[39m: [35mGET /profile 403 68 - 1.420 ms[39m
[35m[39m
2022-12-25 18:48:50:4850 [37mdebug[39m: [37mServer is up and running @ http://localhost:5000[39m
2022-12-25 18:49:01:491 [31merror[39m: [31mBad request!![39m
2022-12-25 18:49:01:491 [35mhttp[39m: [35mGET /profile 400 43 - 8.268 ms[39m
[35m[39m
2022-12-25 18:49:14:4914 [31merror[39m: [31mBad request!![39m
2022-12-25 18:49:14:4914 [35mhttp[39m: [35mGET /profile 400 43 - 3.655 ms[39m
[35m[39m
2022-12-25 18:49:39:4939 [31merror[39m: [31mUser Already Exist. Please Login[39m
2022-12-25 18:49:39:4939 [35mhttp[39m: [35mPOST /signup 409 62 - 437.142 ms[39m
[35m[39m
2022-12-25 18:49:43:4943 [35mhttp[39m: [35mPOST /login 200 492 - 189.890 ms[39m
[35m[39m
2022-12-25 18:49:53:4953 [31merror[39m: [31mBad request!![39m
2022-12-25 18:49:53:4953 [35mhttp[39m: [35mGET /profile 400 43 - 3.964 ms[39m
[35m[39m
2022-12-25 18:50:25:5025 [35mhttp[39m: [35mPOST /signup 201 - - 761.898 ms[39m
[35m[39m
2022-12-25 18:50:38:5038 [35mhttp[39m: [35mGET /profile 200 62 - 71.902 ms[39m
[35m[39m
2022-12-25 18:51:06:516 [35mhttp[39m: [35mPOST /login 200 492 - 173.911 ms[39m
[35m[39m
2022-12-25 18:52:00:520 [37mdebug[39m: [37mServer is up and running @ http://localhost:5000[39m
2022-12-25 18:52:28:5228 [37mdebug[39m: [37mServer is up and running @ http://localhost:5000[39m
2022-12-25 18:52:46:5246 [37mdebug[39m: [37mServer is up and running @ http://localhost:5000[39m
2022-12-25 18:53:07:537 [37mdebug[39m: [37mServer is up and running @ http://localhost:5000[39m
2022-12-25 18:53:23:5323 [37mdebug[39m: [37mServer is up and running @ http://localhost:5000[39m
2022-12-25 18:53:51:5351 [37mdebug[39m: [37mServer is up and running @ http://localhost:5000[39m
2022-12-25 18:54:30:5430 [37mdebug[39m: [37mServer is up and running @ http://localhost:5000[39m
2022-12-25 18:54:35:5435 [37mdebug[39m: [37mServer is up and running @ http://localhost:5000[39m
2022-12-25 18:55:08:558 [37mdebug[39m: [37mServer is up and running @ http://localhost:5000[39m
2022-12-25 18:55:40:5540 [37mdebug[39m: [37mServer is up and running @ http://localhost:5000[39m
2022-12-25 18:55:46:5546 [37mdebug[39m: [37mServer is up and running @ http://localhost:5000[39m
2022-12-25 18:55:52:5552 [37mdebug[39m: [37mServer is up and running @ http://localhost:5000[39m
2022-12-25 18:56:57:5657 [37mdebug[39m: [37mServer is up and running @ http://localhost:5000[39m
2022-12-25 18:57:38:5738 [37mdebug[39m: [37mServer is up and running @ http://localhost:5000[39m
2022-12-25 18:57:43:5743 [37mdebug[39m: [37mServer is up and running @ http://localhost:5000[39m
2022-12-25 18:58:10:5810 [37mdebug[39m: [37mServer is up and running @ http://localhost:5000[39m
2022-12-25 18:58:50:5850 [37mdebug[39m: [37mServer is up and running @ http://localhost:5000[39m
2022-12-28 22:12:11:1211 [37mdebug[39m: [37mServer is up and running @ http://localhost:5000[39m
2022-12-28 22:12:27:1227 [31merror[39m: [31mUnauthorized! Access Token was expired![39m
2022-12-28 22:12:27:1227 [35mhttp[39m: [35mGET /profile 403 69 - 10.357 ms[39m
[35m[39m
2022-12-28 22:12:32:1232 [31merror[39m: [31mA token is required for authentication[39m
2022-12-28 22:12:32:1232 [35mhttp[39m: [35mGET /profile 403 68 - 2.725 ms[39m
[35m[39m
2022-12-28 22:12:37:1237 [31merror[39m: [31mUnauthorized! Access Token was expired![39m
2022-12-28 22:12:37:1237 [35mhttp[39m: [35mGET /profile 403 69 - 2.752 ms[39m
[35m[39m
2022-12-28 22:12:42:1242 [35mhttp[39m: [35mPOST /login 200 514 - 829.357 ms[39m
[35m[39m
2022-12-28 22:12:52:1252 [35mhttp[39m: [35mGET /profile 200 62 - 77.249 ms[39m
[35m[39m
2022-12-28 22:15:33:1533 [37mdebug[39m: [37mServer is up and running @ http://localhost:5000[39m
2022-12-28 22:15:57:1557 [37mdebug[39m: [37mServer is up and running @ http://localhost:5000[39m
2022-12-28 22:16:18:1618 [37mdebug[39m: [37mServer is up and running @ http://localhost:5000[39m
2022-12-28 22:16:22:1622 [37mdebug[39m: [37mServer is up and running @ http://localhost:5000[39m
2022-12-28 22:16:28:1628 [31merror[39m: [31mUser Already Exist. Please Login[39m
2022-12-28 22:16:28:1628 [35mhttp[39m: [35mPOST /signup 409 62 - 480.378 ms[39m
[35m[39m
2022-12-28 22:16:47:1647 [35mhttp[39m: [35mPOST /signup 201 - - 952.460 ms[39m
[35m[39m
2022-12-28 22:17:26:1726 [37mdebug[39m: [37mServer is up and running @ http://localhost:5000[39m
2022-12-28 22:17:39:1739 [37mdebug[39m: [37mServer is up and running @ http://localhost:5000[39m
2022-12-28 22:18:03:183 [37mdebug[39m: [37mServer is up and running @ http://localhost:5000[39m
2022-12-28 22:18:09:189 [37mdebug[39m: [37mServer is up and running @ http://localhost:5000[39m
2022-12-28 22:18:40:1840 [37mdebug[39m: [37mServer is up and running @ http://localhost:5000[39m
2022-12-28 22:18:54:1854 [37mdebug[39m: [37mServer is up and running @ http://localhost:5000[39m
2022-12-28 22:19:56:1956 [37mdebug[39m: [37mServer is up and running @ http://localhost:5000[39m
2022-12-28 22:20:16:2016 [37mdebug[39m: [37mServer is up and running @ http://localhost:5000[39m
2022-12-28 22:20:20:2020 [37mdebug[39m: [37mServer is up and running @ http://localhost:5000[39m
2022-12-28 22:20:39:2039 [37mdebug[39m: [37mServer is up and running @ http://localhost:5000[39m
2022-12-28 22:20:45:2045 [37mdebug[39m: [37mServer is up and running @ http://localhost:5000[39m
2022-12-28 22:20:52:2052 [37mdebug[39m: [37mServer is up and running @ http://localhost:5000[39m
2022-12-28 22:21:05:215 [37mdebug[39m: [37mServer is up and running @ http://localhost:5000[39m
2022-12-28 22:21:22:2122 [37mdebug[39m: [37mServer is up and running @ http://localhost:5000[39m
2022-12-28 22:21:34:2134 [35mhttp[39m: [35mPOST /login 200 514 - 573.709 ms[39m
[35m[39m
2022-12-28 22:21:40:2140 [31merror[39m: [31mInvalid Credentials[39m
2022-12-28 22:21:40:2140 [35mhttp[39m: [35mPOST /login 400 49 - 174.882 ms[39m
[35m[39m
2022-12-28 22:21:46:2146 [31merror[39m: [31mAll input is required[39m
2022-12-28 22:21:46:2146 [35mhttp[39m: [35mPOST /login 400 51 - 1.966 ms[39m
[35m[39m
2022-12-28 22:21:53:2153 [31merror[39m: [31mAll input is required[39m
2022-12-28 22:21:53:2153 [35mhttp[39m: [35mPOST /login 400 51 - 1.654 ms[39m
[35m[39m
2022-12-28 22:21:59:2159 [31merror[39m: [31mUser Not Found !![39m
2022-12-28 22:21:59:2159 [35mhttp[39m: [35mPOST /login 404 47 - 79.040 ms[39m
[35m[39m
2022-12-28 22:22:04:224 [35mhttp[39m: [35mPOST /login 200 514 - 184.066 ms[39m
[35m[39m
2022-12-28 22:22:32:2232 [37mdebug[39m: [37mServer is up and running @ http://localhost:5000[39m
2022-12-28 22:23:38:2338 [37mdebug[39m: [37mServer is up and running @ http://localhost:5000[39m
2022-12-28 22:23:45:2345 [37mdebug[39m: [37mServer is up and running @ http://localhost:5000[39m
2022-12-28 22:23:56:2356 [37mdebug[39m: [37mServer is up and running @ http://localhost:5000[39m
2022-12-28 22:24:18:2418 [37mdebug[39m: [37mServer is up and running @ http://localhost:5000[39m
2022-12-28 22:24:26:2426 [37mdebug[39m: [37mServer is up and running @ http://localhost:5000[39m
2022-12-28 22:24:32:2432 [37mdebug[39m: [37mServer is up and running @ http://localhost:5000[39m
2022-12-28 22:25:55:2555 [37mdebug[39m: [37mServer is up and running @ http://localhost:5000[39m
2022-12-28 22:26:06:266 [37mdebug[39m: [37mServer is up and running @ http://localhost:5000[39m
2022-12-28 22:26:10:2610 [37mdebug[39m: [37mServer is up and running @ http://localhost:5000[39m
2022-12-28 22:26:19:2619 [37mdebug[39m: [37mServer is up and running @ http://localhost:5000[39m
2022-12-28 22:26:23:2623 [37mdebug[39m: [37mServer is up and running @ http://localhost:5000[39m
2022-12-28 22:26:35:2635 [37mdebug[39m: [37mServer is up and running @ http://localhost:5000[39m
2022-12-28 22:26:38:2638 [37mdebug[39m: [37mServer is up and running @ http://localhost:5000[39m
2022-12-28 22:26:42:2642 [37mdebug[39m: [37mServer is up and running @ http://localhost:5000[39m
2022-12-28 22:26:51:2651 [31merror[39m: [31mUnauthorized! Access Token was expired![39m
2022-12-28 22:26:51:2651 [35mhttp[39m: [35mPOST /validate 403 69 - 9.572 ms[39m
[35m[39m
2022-12-28 22:26:59:2659 [31merror[39m: [31mUnauthorized! Access Token was expired![39m
2022-12-28 22:26:59:2659 [35mhttp[39m: [35mPOST /validate 403 69 - 4.011 ms[39m
[35m[39m
2022-12-28 22:27:14:2714 [35mhttp[39m: [35mPOST /validate 200 43 - 1.561 ms[39m
[35m[39m
2022-12-28 22:28:06:286 [37mdebug[39m: [37mServer is up and running @ http://localhost:5000[39m
2022-12-28 22:28:43:2843 [37mdebug[39m: [37mServer is up and running @ http://localhost:5000[39m
2022-12-28 22:31:15:3115 [37mdebug[39m: [37mServer is up and running @ http://localhost:5000[39m
2022-12-28 22:31:38:3138 [37mdebug[39m: [37mServer is up and running @ http://localhost:5000[39m
2022-12-28 22:31:43:3143 [37mdebug[39m: [37mServer is up and running @ http://localhost:5000[39m
2022-12-28 22:31:50:3150 [37mdebug[39m: [37mServer is up and running @ http://localhost:5000[39m
2022-12-28 22:31:57:3157 [35mhttp[39m: [35mGET /profile 200 297 - 704.344 ms[39m
[35m[39m
2022-12-28 22:37:40:3740 [37mdebug[39m: [37mServer is up and running @ http://localhost:5000[39m
2022-12-28 22:38:15:3815 [37mdebug[39m: [37mServer is up and running @ http://localhost:5000[39m
2022-12-28 22:39:14:3914 [37mdebug[39m: [37mServer is up and running @ http://localhost:5000[39m
2022-12-28 22:40:24:4024 [37mdebug[39m: [37mServer is up and running @ http://localhost:5000[39m
2022-12-28 22:41:07:417 [37mdebug[39m: [37mServer is up and running @ http://localhost:5000[39m
2022-12-28 22:41:18:4118 [37mdebug[39m: [37mServer is up and running @ http://localhost:5000[39m
2022-12-28 22:42:34:4234 [35mhttp[39m: [35mGET /profile - - - - ms[39m
[35m[39m
2022-12-28 22:42:51:4251 [37mdebug[39m: [37mServer is up and running @ http://localhost:5000[39m
2022-12-28 22:43:13:4313 [37mdebug[39m: [37mServer is up and running @ http://localhost:5000[39m
2022-12-28 22:43:21:4321 [37mdebug[39m: [37mServer is up and running @ http://localhost:5000[39m
2022-12-28 22:43:51:4351 [37mdebug[39m: [37mServer is up and running @ http://localhost:5000[39m
2022-12-28 22:44:06:446 [37mdebug[39m: [37mServer is up and running @ http://localhost:5000[39m
2022-12-28 22:44:15:4415 [37mdebug[39m: [37mServer is up and running @ http://localhost:5000[39m
2022-12-28 22:44:20:4420 [31merror[39m: [31mUser Already Exist. Please Login[39m
2022-12-28 22:44:20:4420 [35mhttp[39m: [35mPOST /signup 409 62 - 452.969 ms[39m
[35m[39m
2022-12-28 22:44:24:4424 [35mhttp[39m: [35mPOST /login 200 514 - 193.411 ms[39m
[35m[39m
2022-12-28 22:44:46:4446 [37mdebug[39m: [37mServer is up and running @ http://localhost:5000[39m
2022-12-28 22:44:50:4450 [35mhttp[39m: [35mGET /profile 200 297 - 932.752 ms[39m
[35m[39m
2022-12-28 22:46:58:4658 [37mdebug[39m: [37mServer is up and running @ http://localhost:5000[39m
2022-12-28 22:47:13:4713 [35mhttp[39m: [35mPOST /signup 201 - - 1197.929 ms[39m
[35m[39m
2022-12-28 22:47:39:4739 [35mhttp[39m: [35mGET /profile 200 478 - 149.451 ms[39m
[35m[39m
2022-12-28 22:48:03:483 [37mdebug[39m: [37mServer is up and running @ http://localhost:5000[39m
2022-12-28 22:48:56:4856 [37mdebug[39m: [37mServer is up and running @ http://localhost:5000[39m
2022-12-28 22:49:01:491 [37mdebug[39m: [37mServer is up and running @ http://localhost:5000[39m
2022-12-28 22:49:14:4914 [37mdebug[39m: [37mServer is up and running @ http://localhost:5000[39m
2022-12-28 22:50:06:506 [37mdebug[39m: [37mServer is up and running @ http://localhost:5000[39m
2022-12-28 22:52:20:5220 [37mdebug[39m: [37mServer is up and running @ http://localhost:5000[39m
2022-12-28 22:52:27:5227 [37mdebug[39m: [37mServer is up and running @ http://localhost:5000[39m
2022-12-28 22:53:15:5315 [37mdebug[39m: [37mServer is up and running @ http://localhost:5000[39m
2022-12-28 22:53:21:5321 [37mdebug[39m: [37mServer is up and running @ http://localhost:5000[39m
2022-12-28 22:54:12:5412 [37mdebug[39m: [37mServer is up and running @ http://localhost:5000[39m
2022-12-28 22:54:47:5447 [37mdebug[39m: [37mServer is up and running @ http://localhost:5000[39m
2022-12-28 22:54:59:5459 [37mdebug[39m: [37mServer is up and running @ http://localhost:5000[39m
2022-12-28 22:55:08:558 [37mdebug[39m: [37mServer is up and running @ http://localhost:5000[39m
2022-12-28 22:55:23:5523 [37mdebug[39m: [37mServer is up and running @ http://localhost:5000[39m
2022-12-28 22:55:44:5544 [37mdebug[39m: [37mServer is up and running @ http://localhost:5000[39m
2022-12-28 22:56:49:5649 [37mdebug[39m: [37mServer is up and running @ http://localhost:5000[39m
2022-12-28 22:56:52:5652 [37mdebug[39m: [37mServer is up and running @ http://localhost:5000[39m
2022-12-28 22:57:25:5725 [37mdebug[39m: [37mServer is up and running @ http://localhost:5000[39m
2022-12-28 22:57:44:5744 [37mdebug[39m: [37mServer is up and running @ http://localhost:5000[39m
2022-12-28 22:57:45:5745 [31merror[39m: [31mFirebase ID token has no "kid" claim. See https://firebase.google.com/docs/auth/admin/verify-id-tokens for details on how to retrieve an ID token.[39m
2022-12-28 22:57:45:5745 [35mhttp[39m: [35mPOST /social 400 206 - 5.818 ms[39m
[35m[39m
2022-12-28 22:57:56:5756 [31merror[39m: [31mFirebase ID token has no "kid" claim. See https://firebase.google.com/docs/auth/admin/verify-id-tokens for details on how to retrieve an ID token.[39m
2022-12-28 22:57:56:5756 [35mhttp[39m: [35mPOST /social 400 206 - 2.584 ms[39m
[35m[39m
2022-12-28 22:58:02:582 [31merror[39m: [31mFirebase ID token has no "kid" claim. See https://firebase.google.com/docs/auth/admin/verify-id-tokens for details on how to retrieve an ID token.[39m
2022-12-28 22:58:02:582 [35mhttp[39m: [35mPOST /social 400 206 - 2.095 ms[39m
[35m[39m
2022-12-28 22:58:15:5815 [31merror[39m: [31mToken is required[39m
2022-12-28 22:58:15:5815 [35mhttp[39m: [35mPOST /social 401 47 - 2.336 ms[39m
[35m[39m
2022-12-28 22:58:20:5820 [31merror[39m: [31mFirebase ID token has no "kid" claim. See https://firebase.google.com/docs/auth/admin/verify-id-tokens for details on how to retrieve an ID token.[39m
2022-12-28 22:58:20:5820 [35mhttp[39m: [35mPOST /social 400 206 - 2.063 ms[39m
[35m[39m
2022-12-28 22:58:41:5841 [37mdebug[39m: [37mServer is up and running @ http://localhost:5000[39m
2022-12-28 22:58:48:5848 [37mdebug[39m: [37mServer is up and running @ http://localhost:5000[39m
2022-12-28 22:59:14:5914 [37mdebug[39m: [37mServer is up and running @ http://localhost:5000[39m
